c:\users\matep\documents\visual studio 2015\projects\ppke_biomotivated_vision\consoleapplication1\x64\debug\consoleapplication1\vc140.pdb
c:\users\matep\documents\visual studio 2015\projects\ppke_biomotivated_vision\consoleapplication1\x64\debug\consoleapplication1\vc140.idb
c:\users\matep\documents\visual studio 2015\projects\ppke_biomotivated_vision\consoleapplication1\x64\debug\consoleapplication1\source.obj
c:\users\matep\documents\visual studio 2015\projects\ppke_biomotivated_vision\consoleapplication1\x64\debug\consoleapplication1\memoryhandling.obj
c:\users\matep\documents\visual studio 2015\projects\ppke_biomotivated_vision\consoleapplication1\x64\debug\consoleapplication1\bipolarlevel.obj
c:\users\matep\documents\visual studio 2015\projects\ppke_biomotivated_vision\consoleapplication1\x64\debug\consoleapplication1\accessoryfunctions.obj
c:\users\matep\documents\visual studio 2015\projects\ppke_biomotivated_vision\consoleapplication1\x64\debug\consoleapplication1\receptivefieldprocessing.obj
c:\users\matep\documents\visual studio 2015\projects\ppke_biomotivated_vision\consoleapplication1\x64\debug\consoleapplication1\synapticstrength.obj
d:\users\tamas\onedrive - itk.ppke.hu\konzultációk\pethő máté\vs_project\ppke_biomotivated_vision\consoleapplication1\x64\debug\consoleapplication1\vc140.pdb
d:\users\tamas\onedrive - itk.ppke.hu\konzultációk\pethő máté\vs_project\ppke_biomotivated_vision\consoleapplication1\x64\debug\consoleapplication1\vc140.idb
d:\users\tamas\onedrive - itk.ppke.hu\konzultációk\pethő máté\vs_project\ppke_biomotivated_vision\consoleapplication1\x64\debug\consoleapplication1\source.obj
d:\users\tamas\onedrive - itk.ppke.hu\konzultációk\pethő máté\vs_project\ppke_biomotivated_vision\consoleapplication1\x64\debug\consoleapplication1\memoryhandling.obj
d:\users\tamas\onedrive - itk.ppke.hu\konzultációk\pethő máté\vs_project\ppke_biomotivated_vision\consoleapplication1\x64\debug\consoleapplication1\bipolarlevel.obj
d:\users\tamas\onedrive - itk.ppke.hu\konzultációk\pethő máté\vs_project\ppke_biomotivated_vision\consoleapplication1\x64\debug\consoleapplication1\accessoryfunctions.obj
d:\users\tamas\onedrive - itk.ppke.hu\konzultációk\pethő máté\vs_project\ppke_biomotivated_vision\consoleapplication1\x64\debug\consoleapplication1\receptivefieldprocessing.obj
c:\users\matep\documents\visual studio 2015\projects\ppke_biomotivated_vision\x64\debug\consoleapplication1.ilk
c:\users\matep\documents\visual studio 2015\projects\ppke_biomotivated_vision\x64\debug\consoleapplication1.exe
c:\users\matep\documents\visual studio 2015\projects\ppke_biomotivated_vision\x64\debug\consoleapplication1.pdb
d:\users\tamas\onedrive - itk.ppke.hu\konzultációk\pethő máté\vs_project\ppke_biomotivated_vision\consoleapplication1\x64\debug\consoleapplication1\synapticstrength.obj
d:\users\tamas\onedrive - itk.ppke.hu\konzultációk\pethő máté\vs_project\ppke_biomotivated_vision\x64\debug\consoleapplication1.pdb
d:\users\tamas\onedrive - itk.ppke.hu\konzultációk\pethő máté\vs_project\ppke_biomotivated_vision\x64\debug\consoleapplication1.exe
d:\users\tamas\onedrive - itk.ppke.hu\konzultációk\pethő máté\vs_project\ppke_biomotivated_vision\x64\debug\consoleapplication1.ilk
d:\users\tamas\onedrive - itk.ppke.hu\konzultációk\pethő máté\vs_project\ppke_biomotivated_vision\consoleapplication1\x64\debug\consoleapplication1\consolea.d1a98670.tlog\cl.command.1.tlog
d:\users\tamas\onedrive - itk.ppke.hu\konzultációk\pethő máté\vs_project\ppke_biomotivated_vision\consoleapplication1\x64\debug\consoleapplication1\consolea.d1a98670.tlog\cl.read.1.tlog
d:\users\tamas\onedrive - itk.ppke.hu\konzultációk\pethő máté\vs_project\ppke_biomotivated_vision\consoleapplication1\x64\debug\consoleapplication1\consolea.d1a98670.tlog\cl.write.1.tlog
d:\users\tamas\onedrive - itk.ppke.hu\konzultációk\pethő máté\vs_project\ppke_biomotivated_vision\consoleapplication1\x64\debug\consoleapplication1\consolea.d1a98670.tlog\link.command.1.tlog
d:\users\tamas\onedrive - itk.ppke.hu\konzultációk\pethő máté\vs_project\ppke_biomotivated_vision\consoleapplication1\x64\debug\consoleapplication1\consolea.d1a98670.tlog\link.read.1.tlog
d:\users\tamas\onedrive - itk.ppke.hu\konzultációk\pethő máté\vs_project\ppke_biomotivated_vision\consoleapplication1\x64\debug\consoleapplication1\consolea.d1a98670.tlog\link.write.1.tlog
