  receptiveFieldProcessing.cpp
  Note: including file: c:\users\matep\documents\visual studio 2015\projects\ppke_biomotivated_vision\consoleapplication1\receptiveFieldProcessing.h
  Note: including file:  C:\Program Files (x86)\Microsoft Visual Studio 14.0\VC\include\iostream
  Note: including file:   C:\Program Files (x86)\Microsoft Visual Studio 14.0\VC\include\istream
  Note: including file:    C:\Program Files (x86)\Microsoft Visual Studio 14.0\VC\include\ostream
  Note: including file:     C:\Program Files (x86)\Microsoft Visual Studio 14.0\VC\include\ios
  Note: including file:      C:\Program Files (x86)\Microsoft Visual Studio 14.0\VC\include\xlocnum
  Note: including file:       C:\Program Files (x86)\Microsoft Visual Studio 14.0\VC\include\climits
  Note: including file:        C:\Program Files (x86)\Microsoft Visual Studio 14.0\VC\include\yvals.h
  Note: including file:         C:\Program Files (x86)\Microsoft Visual Studio 14.0\VC\include\xkeycheck.h
  Note: including file:         C:\Program Files (x86)\Microsoft Visual Studio 14.0\VC\include\crtdefs.h
  Note: including file:          C:\Program Files (x86)\Microsoft Visual Studio 14.0\VC\include\vcruntime.h
  Note: including file:           C:\Program Files (x86)\Microsoft Visual Studio 14.0\VC\include\sal.h
  Note: including file:            C:\Program Files (x86)\Microsoft Visual Studio 14.0\VC\include\ConcurrencySal.h
  Note: including file:           C:\Program Files (x86)\Microsoft Visual Studio 14.0\VC\include\vadefs.h
  Note: including file:          C:\Program Files (x86)\Windows Kits\10\Include\10.0.10240.0\ucrt\corecrt.h
  Note: including file:           C:\Program Files (x86)\Microsoft Visual Studio 14.0\VC\include\vcruntime.h
  Note: including file:         C:\Program Files (x86)\Microsoft Visual Studio 14.0\VC\include\use_ansi.h
  Note: including file:        C:\Program Files (x86)\Microsoft Visual Studio 14.0\VC\include\limits.h
  Note: including file:         C:\Program Files (x86)\Microsoft Visual Studio 14.0\VC\include\vcruntime.h
  Note: including file:       C:\Program Files (x86)\Microsoft Visual Studio 14.0\VC\include\cmath
  Note: including file:        C:\Program Files (x86)\Windows Kits\10\Include\10.0.10240.0\ucrt\math.h
  Note: including file:        C:\Program Files (x86)\Microsoft Visual Studio 14.0\VC\include\xtgmath.h
  Note: including file:         C:\Program Files (x86)\Microsoft Visual Studio 14.0\VC\include\xtr1common
  Note: including file:          C:\Program Files (x86)\Microsoft Visual Studio 14.0\VC\include\cstdlib
  Note: including file:           C:\Program Files (x86)\Windows Kits\10\Include\10.0.10240.0\ucrt\stdlib.h
  Note: including file:            C:\Program Files (x86)\Windows Kits\10\Include\10.0.10240.0\ucrt\corecrt_malloc.h
  Note: including file:            C:\Program Files (x86)\Windows Kits\10\Include\10.0.10240.0\ucrt\corecrt_search.h
  Note: including file:             C:\Program Files (x86)\Windows Kits\10\Include\10.0.10240.0\ucrt\stddef.h
  Note: including file:            C:\Program Files (x86)\Windows Kits\10\Include\10.0.10240.0\ucrt\corecrt_wstdlib.h
  Note: including file:       C:\Program Files (x86)\Microsoft Visual Studio 14.0\VC\include\cstdio
  Note: including file:        C:\Program Files (x86)\Windows Kits\10\Include\10.0.10240.0\ucrt\stdio.h
  Note: including file:         C:\Program Files (x86)\Windows Kits\10\Include\10.0.10240.0\ucrt\corecrt_wstdio.h
  Note: including file:          C:\Program Files (x86)\Windows Kits\10\Include\10.0.10240.0\ucrt\corecrt_stdio_config.h
  Note: including file:       C:\Program Files (x86)\Microsoft Visual Studio 14.0\VC\include\streambuf
  Note: including file:        C:\Program Files (x86)\Microsoft Visual Studio 14.0\VC\include\xiosbase
  Note: including file:         C:\Program Files (x86)\Microsoft Visual Studio 14.0\VC\include\xlocale
  Note: including file:          C:\Program Files (x86)\Microsoft Visual Studio 14.0\VC\include\cstring
  Note: including file:           C:\Program Files (x86)\Windows Kits\10\Include\10.0.10240.0\ucrt\string.h
  Note: including file:            C:\Program Files (x86)\Windows Kits\10\Include\10.0.10240.0\ucrt\corecrt_memory.h
  Note: including file:             C:\Program Files (x86)\Windows Kits\10\Include\10.0.10240.0\ucrt\corecrt_memcpy_s.h
  Note: including file:              C:\Program Files (x86)\Windows Kits\10\Include\10.0.10240.0\ucrt\errno.h
  Note: including file:              C:\Program Files (x86)\Microsoft Visual Studio 14.0\VC\include\vcruntime_string.h
  Note: including file:               C:\Program Files (x86)\Microsoft Visual Studio 14.0\VC\include\vcruntime.h
  Note: including file:            C:\Program Files (x86)\Windows Kits\10\Include\10.0.10240.0\ucrt\corecrt_wstring.h
  Note: including file:          C:\Program Files (x86)\Microsoft Visual Studio 14.0\VC\include\stdexcept
  Note: including file:           C:\Program Files (x86)\Microsoft Visual Studio 14.0\VC\include\exception
  Note: including file:            C:\Program Files (x86)\Microsoft Visual Studio 14.0\VC\include\type_traits
  Note: including file:             C:\Program Files (x86)\Microsoft Visual Studio 14.0\VC\include\xstddef
  Note: including file:              C:\Program Files (x86)\Microsoft Visual Studio 14.0\VC\include\cstddef
  Note: including file:              C:\Program Files (x86)\Microsoft Visual Studio 14.0\VC\include\initializer_list
  Note: including file:            C:\Program Files (x86)\Windows Kits\10\Include\10.0.10240.0\ucrt\malloc.h
  Note: including file:            C:\Program Files (x86)\Microsoft Visual Studio 14.0\VC\include\vcruntime_exception.h
  Note: including file:             C:\Program Files (x86)\Microsoft Visual Studio 14.0\VC\include\eh.h
  Note: including file:              C:\Program Files (x86)\Windows Kits\10\Include\10.0.10240.0\ucrt\corecrt_terminate.h
  Note: including file:           C:\Program Files (x86)\Microsoft Visual Studio 14.0\VC\include\xstring
  Note: including file:            C:\Program Files (x86)\Microsoft Visual Studio 14.0\VC\include\xmemory0
  Note: including file:             C:\Program Files (x86)\Microsoft Visual Studio 14.0\VC\include\cstdint
  Note: including file:              C:\Program Files (x86)\Microsoft Visual Studio 14.0\VC\include\stdint.h
  Note: including file:               C:\Program Files (x86)\Microsoft Visual Studio 14.0\VC\include\vcruntime.h
  Note: including file:             C:\Program Files (x86)\Microsoft Visual Studio 14.0\VC\include\limits
  Note: including file:              C:\Program Files (x86)\Microsoft Visual Studio 14.0\VC\include\ymath.h
  Note: including file:              C:\Program Files (x86)\Microsoft Visual Studio 14.0\VC\include\cfloat
  Note: including file:               C:\Program Files (x86)\Windows Kits\10\Include\10.0.10240.0\ucrt\float.h
  Note: including file:              C:\Program Files (x86)\Microsoft Visual Studio 14.0\VC\include\cwchar
  Note: including file:               C:\Program Files (x86)\Windows Kits\10\Include\10.0.10240.0\ucrt\wchar.h
  Note: including file:                C:\Program Files (x86)\Windows Kits\10\Include\10.0.10240.0\ucrt\corecrt_wconio.h
  Note: including file:                C:\Program Files (x86)\Windows Kits\10\Include\10.0.10240.0\ucrt\corecrt_wctype.h
  Note: including file:                C:\Program Files (x86)\Windows Kits\10\Include\10.0.10240.0\ucrt\corecrt_wdirect.h
  Note: including file:                C:\Program Files (x86)\Windows Kits\10\Include\10.0.10240.0\ucrt\corecrt_wio.h
  Note: including file:                 C:\Program Files (x86)\Windows Kits\10\Include\10.0.10240.0\ucrt\corecrt_share.h
  Note: including file:                C:\Program Files (x86)\Windows Kits\10\Include\10.0.10240.0\ucrt\corecrt_wprocess.h
  Note: including file:                C:\Program Files (x86)\Windows Kits\10\Include\10.0.10240.0\ucrt\corecrt_wtime.h
  Note: including file:                C:\Program Files (x86)\Windows Kits\10\Include\10.0.10240.0\ucrt\sys/stat.h
  Note: including file:                 C:\Program Files (x86)\Windows Kits\10\Include\10.0.10240.0\ucrt\sys/types.h
  Note: including file:             C:\Program Files (x86)\Microsoft Visual Studio 14.0\VC\include\new
  Note: including file:              C:\Program Files (x86)\Microsoft Visual Studio 14.0\VC\include\vcruntime_new.h
  Note: including file:               C:\Program Files (x86)\Microsoft Visual Studio 14.0\VC\include\vcruntime.h
  Note: including file:             C:\Program Files (x86)\Microsoft Visual Studio 14.0\VC\include\xutility
  Note: including file:              C:\Program Files (x86)\Microsoft Visual Studio 14.0\VC\include\utility
  Note: including file:               C:\Program Files (x86)\Microsoft Visual Studio 14.0\VC\include\iosfwd
  Note: including file:                C:\Program Files (x86)\Windows Kits\10\Include\10.0.10240.0\ucrt\crtdbg.h
  Note: including file:                 C:\Program Files (x86)\Microsoft Visual Studio 14.0\VC\include\vcruntime_new_debug.h
  Note: including file:             C:\Program Files (x86)\Microsoft Visual Studio 14.0\VC\include\xatomic0.h
  Note: including file:             C:\Program Files (x86)\Microsoft Visual Studio 14.0\VC\include\intrin.h
  Note: including file:              C:\Program Files (x86)\Microsoft Visual Studio 14.0\VC\include\vcruntime.h
  Note: including file:              C:\Program Files (x86)\Microsoft Visual Studio 14.0\VC\include\setjmp.h
  Note: including file:               C:\Program Files (x86)\Microsoft Visual Studio 14.0\VC\include\vcruntime.h
  Note: including file:              C:\Program Files (x86)\Microsoft Visual Studio 14.0\VC\include\immintrin.h
  Note: including file:               C:\Program Files (x86)\Microsoft Visual Studio 14.0\VC\include\wmmintrin.h
  Note: including file:                C:\Program Files (x86)\Microsoft Visual Studio 14.0\VC\include\nmmintrin.h
  Note: including file:                 C:\Program Files (x86)\Microsoft Visual Studio 14.0\VC\include\smmintrin.h
  Note: including file:                  C:\Program Files (x86)\Microsoft Visual Studio 14.0\VC\include\tmmintrin.h
  Note: including file:                   C:\Program Files (x86)\Microsoft Visual Studio 14.0\VC\include\pmmintrin.h
  Note: including file:                    C:\Program Files (x86)\Microsoft Visual Studio 14.0\VC\include\emmintrin.h
  Note: including file:                     C:\Program Files (x86)\Microsoft Visual Studio 14.0\VC\include\xmmintrin.h
  Note: including file:                      C:\Program Files (x86)\Microsoft Visual Studio 14.0\VC\include\mmintrin.h
  Note: including file:              C:\Program Files (x86)\Microsoft Visual Studio 14.0\VC\include\ammintrin.h
  Note: including file:          C:\Program Files (x86)\Microsoft Visual Studio 14.0\VC\include\typeinfo
  Note: including file:           C:\Program Files (x86)\Microsoft Visual Studio 14.0\VC\include\vcruntime_typeinfo.h
  Note: including file:            C:\Program Files (x86)\Microsoft Visual Studio 14.0\VC\include\vcruntime.h
  Note: including file:          C:\Program Files (x86)\Microsoft Visual Studio 14.0\VC\include\xlocinfo
  Note: including file:           C:\Program Files (x86)\Microsoft Visual Studio 14.0\VC\include\xlocinfo.h
  Note: including file:            C:\Program Files (x86)\Windows Kits\10\Include\10.0.10240.0\ucrt\ctype.h
  Note: including file:            C:\Program Files (x86)\Windows Kits\10\Include\10.0.10240.0\ucrt\locale.h
  Note: including file:          C:\Program Files (x86)\Microsoft Visual Studio 14.0\VC\include\xfacet
  Note: including file:         C:\Program Files (x86)\Microsoft Visual Studio 14.0\VC\include\system_error
  Note: including file:          C:\Program Files (x86)\Microsoft Visual Studio 14.0\VC\include\cerrno
  Note: including file:         C:\Program Files (x86)\Windows Kits\10\Include\10.0.10240.0\ucrt\share.h
  Note: including file:  C:\Program Files (x86)\Windows Kits\10\Include\10.0.10240.0\ucrt\math.h
  Note: including file:  C:\OpenCV\build\include\opencv2\core.hpp
  Note: including file:   C:\OpenCV\build\include\opencv2/core/cvdef.h
  Note: including file:    C:\OpenCV\build\include\opencv2/core/hal/interface.h
  Note: including file:    c:\opencv\build\include\opencv2\core\cv_cpu_dispatch.h
  Note: including file:   C:\OpenCV\build\include\opencv2/core/version.hpp
  Note: including file:   C:\OpenCV\build\include\opencv2/core/base.hpp
  Note: including file:    C:\OpenCV\build\include\opencv2/opencv_modules.hpp
  Note: including file:    C:\Program Files (x86)\Microsoft Visual Studio 14.0\VC\include\algorithm
  Note: including file:     C:\Program Files (x86)\Microsoft Visual Studio 14.0\VC\include\xmemory
  Note: including file:    C:\OpenCV\build\include\opencv2/core/cvstd.hpp
  Note: including file:     C:\Program Files (x86)\Microsoft Visual Studio 14.0\VC\include\cctype
  Note: including file:     C:\Program Files (x86)\Microsoft Visual Studio 14.0\VC\include\string
  Note: including file:     C:\OpenCV\build\include\opencv2/core/ptr.inl.hpp
  Note: including file:    C:\OpenCV\build\include\opencv2/core/neon_utils.hpp
  Note: including file:   C:\OpenCV\build\include\opencv2/core/traits.hpp
  Note: including file:   C:\OpenCV\build\include\opencv2/core/matx.hpp
  Note: including file:    C:\OpenCV\build\include\opencv2/core/saturate.hpp
  Note: including file:     C:\OpenCV\build\include\opencv2/core/fast_math.hpp
  Note: including file:   C:\OpenCV\build\include\opencv2/core/types.hpp
  Note: including file:    C:\Program Files (x86)\Microsoft Visual Studio 14.0\VC\include\vector
  Note: including file:   C:\OpenCV\build\include\opencv2/core/mat.hpp
  Note: including file:    C:\OpenCV\build\include\opencv2/core/bufferpool.hpp
  Note: including file:    C:\OpenCV\build\include\opencv2/core/mat.inl.hpp
  Note: including file:   C:\OpenCV\build\include\opencv2/core/persistence.hpp
  Note: including file:   C:\OpenCV\build\include\opencv2/core/operations.hpp
  Note: including file:   C:\OpenCV\build\include\opencv2/core/cvstd.inl.hpp
  Note: including file:    C:\Program Files (x86)\Microsoft Visual Studio 14.0\VC\include\complex
  Note: including file:     C:\Program Files (x86)\Microsoft Visual Studio 14.0\VC\include\ccomplex
  Note: including file:     C:\Program Files (x86)\Microsoft Visual Studio 14.0\VC\include\sstream
  Note: including file:     C:\Program Files (x86)\Microsoft Visual Studio 14.0\VC\include\xcomplex
  Note: including file:   C:\OpenCV\build\include\opencv2/core/utility.hpp
  Note: including file:    C:\OpenCV\build\include\opencv2/core.hpp
  Note: including file:    C:\Program Files (x86)\Microsoft Visual Studio 14.0\VC\include\functional
  Note: including file:     C:\Program Files (x86)\Microsoft Visual Studio 14.0\VC\include\xfunctional
  Note: including file:     C:\Program Files (x86)\Microsoft Visual Studio 14.0\VC\include\tuple
  Note: including file:    C:\OpenCV\build\include\opencv2/core/core_c.h
  Note: including file:     C:\OpenCV\build\include\opencv2/core/types_c.h
  Note: including file:      C:\Program Files (x86)\Windows Kits\10\Include\10.0.10240.0\ucrt\assert.h
  Note: including file:      C:\OpenCV\build\include\opencv2/core.hpp
  Note: including file:     C:\OpenCV\build\include\opencv2/core/utility.hpp
  Note: including file:   C:\OpenCV\build\include\opencv2/core/optim.hpp
  Note: including file:    C:\OpenCV\build\include\opencv2/core.hpp
  Note: including file:   C:\OpenCV\build\include\opencv2/core/ovx.hpp
  Note: including file:  C:\OpenCV\build\include\opencv2\imgproc.hpp
  Note: including file:   C:\OpenCV\build\include\opencv2/imgproc/imgproc_c.h
  Note: including file:    C:\OpenCV\build\include\opencv2/imgproc/types_c.h
  Note: including file:  c:\users\matep\documents\visual studio 2015\projects\ppke_biomotivated_vision\consoleapplication1\accessoryFunctions.h
  Note: including file:  c:\users\matep\documents\visual studio 2015\projects\ppke_biomotivated_vision\consoleapplication1\memoryHandling.h
  Note: including file:  C:\OpenCV\build\include\opencv2/highgui.hpp
  Note: including file:   C:\OpenCV\build\include\opencv2/imgcodecs.hpp
  Note: including file:   C:\OpenCV\build\include\opencv2/videoio.hpp
  Note: including file:   C:\OpenCV\build\include\opencv2/highgui/highgui_c.h
  Note: including file:    C:\OpenCV\build\include\opencv2/imgcodecs/imgcodecs_c.h
  Note: including file:    C:\OpenCV\build\include\opencv2/videoio/videoio_c.h
  Note: including file: c:\users\matep\documents\visual studio 2015\projects\ppke_biomotivated_vision\consoleapplication1\synapticStrength.h
  Note: including file:  C:\Program Files (x86)\Windows Kits\10\Include\10.0.10240.0\ucrt\math.h
  Note: including file: c:\users\matep\documents\visual studio 2015\projects\ppke_biomotivated_vision\consoleapplication1\ImageProcessingDataAcquisition.h
c:\users\matep\documents\visual studio 2015\projects\ppke_biomotivated_vision\consoleapplication1\receptivefieldprocessing.cpp(143): warning C4305: 'initializing': truncation from 'double' to 'float'
c:\users\matep\documents\visual studio 2015\projects\ppke_biomotivated_vision\consoleapplication1\receptivefieldprocessing.cpp(164): warning C4244: '=': conversion from 'double' to 'float', possible loss of data
c:\users\matep\documents\visual studio 2015\projects\ppke_biomotivated_vision\consoleapplication1\receptivefieldprocessing.cpp(190): warning C4305: 'initializing': truncation from 'double' to 'float'
c:\users\matep\documents\visual studio 2015\projects\ppke_biomotivated_vision\consoleapplication1\receptivefieldprocessing.cpp(214): warning C4244: '=': conversion from 'double' to 'float', possible loss of data
c:\users\matep\documents\visual studio 2015\projects\ppke_biomotivated_vision\consoleapplication1\receptivefieldprocessing.cpp(215): warning C4244: '=': conversion from 'double' to 'float', possible loss of data
c:\users\matep\documents\visual studio 2015\projects\ppke_biomotivated_vision\consoleapplication1\receptivefieldprocessing.cpp(216): warning C4244: '=': conversion from 'double' to 'float', possible loss of data
c:\users\matep\documents\visual studio 2015\projects\ppke_biomotivated_vision\consoleapplication1\receptivefieldprocessing.cpp(217): warning C4244: '=': conversion from 'double' to 'float', possible loss of data
c:\users\matep\documents\visual studio 2015\projects\ppke_biomotivated_vision\consoleapplication1\receptivefieldprocessing.cpp(246): warning C4244: '=': conversion from 'double' to 'float', possible loss of data
c:\users\matep\documents\visual studio 2015\projects\ppke_biomotivated_vision\consoleapplication1\receptivefieldprocessing.cpp(247): warning C4244: '=': conversion from 'double' to 'float', possible loss of data
c:\users\matep\documents\visual studio 2015\projects\ppke_biomotivated_vision\consoleapplication1\receptivefieldprocessing.cpp(248): warning C4244: '=': conversion from 'double' to 'float', possible loss of data
c:\users\matep\documents\visual studio 2015\projects\ppke_biomotivated_vision\consoleapplication1\receptivefieldprocessing.cpp(249): warning C4244: '=': conversion from 'double' to 'float', possible loss of data
c:\users\matep\documents\visual studio 2015\projects\ppke_biomotivated_vision\consoleapplication1\receptivefieldprocessing.cpp(189): warning C4101: 'typeModifier': unreferenced local variable
c:\users\matep\documents\visual studio 2015\projects\ppke_biomotivated_vision\consoleapplication1\receptivefieldprocessing.cpp(291): warning C4305: 'initializing': truncation from 'double' to 'float'
c:\users\matep\documents\visual studio 2015\projects\ppke_biomotivated_vision\consoleapplication1\receptivefieldprocessing.cpp(324): warning C4244: '=': conversion from 'double' to 'float', possible loss of data
c:\users\matep\documents\visual studio 2015\projects\ppke_biomotivated_vision\consoleapplication1\receptivefieldprocessing.cpp(326): warning C4244: '=': conversion from 'double' to 'float', possible loss of data
c:\users\matep\documents\visual studio 2015\projects\ppke_biomotivated_vision\consoleapplication1\receptivefieldprocessing.cpp(327): warning C4244: '=': conversion from 'double' to 'float', possible loss of data
c:\users\matep\documents\visual studio 2015\projects\ppke_biomotivated_vision\consoleapplication1\receptivefieldprocessing.cpp(328): warning C4244: '=': conversion from 'double' to 'float', possible loss of data
c:\users\matep\documents\visual studio 2015\projects\ppke_biomotivated_vision\consoleapplication1\receptivefieldprocessing.cpp(329): warning C4244: '=': conversion from 'double' to 'float', possible loss of data
c:\users\matep\documents\visual studio 2015\projects\ppke_biomotivated_vision\consoleapplication1\receptivefieldprocessing.cpp(330): warning C4244: '=': conversion from 'double' to 'float', possible loss of data
c:\users\matep\documents\visual studio 2015\projects\ppke_biomotivated_vision\consoleapplication1\receptivefieldprocessing.cpp(331): warning C4244: '=': conversion from 'double' to 'float', possible loss of data
c:\users\matep\documents\visual studio 2015\projects\ppke_biomotivated_vision\consoleapplication1\receptivefieldprocessing.cpp(332): warning C4244: '=': conversion from 'double' to 'float', possible loss of data
c:\users\matep\documents\visual studio 2015\projects\ppke_biomotivated_vision\consoleapplication1\receptivefieldprocessing.cpp(392): warning C4244: '=': conversion from 'double' to 'float', possible loss of data
c:\users\matep\documents\visual studio 2015\projects\ppke_biomotivated_vision\consoleapplication1\receptivefieldprocessing.cpp(393): warning C4244: '=': conversion from 'double' to 'float', possible loss of data
c:\users\matep\documents\visual studio 2015\projects\ppke_biomotivated_vision\consoleapplication1\receptivefieldprocessing.cpp(394): warning C4244: '=': conversion from 'double' to 'float', possible loss of data
c:\users\matep\documents\visual studio 2015\projects\ppke_biomotivated_vision\consoleapplication1\receptivefieldprocessing.cpp(395): warning C4244: '=': conversion from 'double' to 'float', possible loss of data
c:\users\matep\documents\visual studio 2015\projects\ppke_biomotivated_vision\consoleapplication1\receptivefieldprocessing.cpp(396): warning C4244: '=': conversion from 'double' to 'float', possible loss of data
c:\users\matep\documents\visual studio 2015\projects\ppke_biomotivated_vision\consoleapplication1\receptivefieldprocessing.cpp(397): warning C4244: '=': conversion from 'double' to 'float', possible loss of data
c:\users\matep\documents\visual studio 2015\projects\ppke_biomotivated_vision\consoleapplication1\receptivefieldprocessing.cpp(398): warning C4244: '=': conversion from 'double' to 'float', possible loss of data
c:\users\matep\documents\visual studio 2015\projects\ppke_biomotivated_vision\consoleapplication1\receptivefieldprocessing.cpp(399): warning C4244: '=': conversion from 'double' to 'float', possible loss of data
c:\users\matep\documents\visual studio 2015\projects\ppke_biomotivated_vision\consoleapplication1\receptivefieldprocessing.cpp(435): warning C4244: '=': conversion from 'double' to 'int', possible loss of data
c:\users\matep\documents\visual studio 2015\projects\ppke_biomotivated_vision\consoleapplication1\receptivefieldprocessing.cpp(437): warning C4244: '=': conversion from 'double' to 'int', possible loss of data
c:\users\matep\documents\visual studio 2015\projects\ppke_biomotivated_vision\consoleapplication1\receptivefieldprocessing.cpp(449): warning C4244: 'argument': conversion from 'double' to 'int', possible loss of data
c:\users\matep\documents\visual studio 2015\projects\ppke_biomotivated_vision\consoleapplication1\receptivefieldprocessing.cpp(450): warning C4244: 'argument': conversion from 'double' to 'int', possible loss of data
c:\users\matep\documents\visual studio 2015\projects\ppke_biomotivated_vision\consoleapplication1\receptivefieldprocessing.cpp(571): warning C4356: 'ReceptiveFieldFunctions::cellInformation': static data member cannot be initialized via derived class
c:\users\matep\documents\visual studio 2015\projects\ppke_biomotivated_vision\consoleapplication1\receptivefieldprocessing.cpp(844): warning C4305: 'initializing': truncation from 'double' to 'float'
c:\users\matep\documents\visual studio 2015\projects\ppke_biomotivated_vision\consoleapplication1\receptivefieldprocessing.cpp(876): warning C4244: '=': conversion from 'double' to 'float', possible loss of data
c:\users\matep\documents\visual studio 2015\projects\ppke_biomotivated_vision\consoleapplication1\receptivefieldprocessing.cpp(877): warning C4244: '=': conversion from 'double' to 'float', possible loss of data
c:\users\matep\documents\visual studio 2015\projects\ppke_biomotivated_vision\consoleapplication1\receptivefieldprocessing.cpp(878): warning C4244: '=': conversion from 'double' to 'float', possible loss of data
c:\users\matep\documents\visual studio 2015\projects\ppke_biomotivated_vision\consoleapplication1\receptivefieldprocessing.cpp(879): warning C4244: '=': conversion from 'double' to 'float', possible loss of data
c:\users\matep\documents\visual studio 2015\projects\ppke_biomotivated_vision\consoleapplication1\receptivefieldprocessing.cpp(921): warning C4244: '=': conversion from 'double' to 'float', possible loss of data
c:\users\matep\documents\visual studio 2015\projects\ppke_biomotivated_vision\consoleapplication1\receptivefieldprocessing.cpp(922): warning C4244: '=': conversion from 'double' to 'float', possible loss of data
c:\users\matep\documents\visual studio 2015\projects\ppke_biomotivated_vision\consoleapplication1\receptivefieldprocessing.cpp(923): warning C4244: '=': conversion from 'double' to 'float', possible loss of data
c:\users\matep\documents\visual studio 2015\projects\ppke_biomotivated_vision\consoleapplication1\receptivefieldprocessing.cpp(924): warning C4244: '=': conversion from 'double' to 'float', possible loss of data
c:\users\matep\documents\visual studio 2015\projects\ppke_biomotivated_vision\consoleapplication1\receptivefieldprocessing.cpp(1058): warning C4305: 'initializing': truncation from 'double' to 'float'
c:\users\matep\documents\visual studio 2015\projects\ppke_biomotivated_vision\consoleapplication1\receptivefieldprocessing.cpp(1088): warning C4244: '=': conversion from 'double' to 'float', possible loss of data
c:\users\matep\documents\visual studio 2015\projects\ppke_biomotivated_vision\consoleapplication1\receptivefieldprocessing.cpp(1089): warning C4244: '=': conversion from 'double' to 'float', possible loss of data
c:\users\matep\documents\visual studio 2015\projects\ppke_biomotivated_vision\consoleapplication1\receptivefieldprocessing.cpp(1090): warning C4244: '=': conversion from 'double' to 'float', possible loss of data
c:\users\matep\documents\visual studio 2015\projects\ppke_biomotivated_vision\consoleapplication1\receptivefieldprocessing.cpp(1093): warning C4244: '=': conversion from 'double' to 'float', possible loss of data
c:\users\matep\documents\visual studio 2015\projects\ppke_biomotivated_vision\consoleapplication1\receptivefieldprocessing.cpp(1094): warning C4244: '=': conversion from 'double' to 'float', possible loss of data
c:\users\matep\documents\visual studio 2015\projects\ppke_biomotivated_vision\consoleapplication1\receptivefieldprocessing.cpp(1095): warning C4244: '=': conversion from 'double' to 'float', possible loss of data
c:\users\matep\documents\visual studio 2015\projects\ppke_biomotivated_vision\consoleapplication1\receptivefieldprocessing.cpp(1098): warning C4244: '=': conversion from 'double' to 'float', possible loss of data
c:\users\matep\documents\visual studio 2015\projects\ppke_biomotivated_vision\consoleapplication1\receptivefieldprocessing.cpp(1099): warning C4244: '=': conversion from 'double' to 'float', possible loss of data
c:\users\matep\documents\visual studio 2015\projects\ppke_biomotivated_vision\consoleapplication1\receptivefieldprocessing.cpp(1100): warning C4244: '=': conversion from 'double' to 'float', possible loss of data
c:\users\matep\documents\visual studio 2015\projects\ppke_biomotivated_vision\consoleapplication1\receptivefieldprocessing.cpp(1103): warning C4244: '=': conversion from 'double' to 'float', possible loss of data
c:\users\matep\documents\visual studio 2015\projects\ppke_biomotivated_vision\consoleapplication1\receptivefieldprocessing.cpp(1104): warning C4244: '=': conversion from 'double' to 'float', possible loss of data
c:\users\matep\documents\visual studio 2015\projects\ppke_biomotivated_vision\consoleapplication1\receptivefieldprocessing.cpp(1105): warning C4244: '=': conversion from 'double' to 'float', possible loss of data
c:\users\matep\documents\visual studio 2015\projects\ppke_biomotivated_vision\consoleapplication1\receptivefieldprocessing.cpp(1109): warning C4244: '=': conversion from 'int' to 'float', possible loss of data
c:\users\matep\documents\visual studio 2015\projects\ppke_biomotivated_vision\consoleapplication1\receptivefieldprocessing.cpp(1110): warning C4244: '=': conversion from 'int' to 'float', possible loss of data
c:\users\matep\documents\visual studio 2015\projects\ppke_biomotivated_vision\consoleapplication1\receptivefieldprocessing.cpp(1111): warning C4244: '=': conversion from 'int' to 'float', possible loss of data
c:\users\matep\documents\visual studio 2015\projects\ppke_biomotivated_vision\consoleapplication1\receptivefieldprocessing.cpp(1112): warning C4244: '=': conversion from 'int' to 'float', possible loss of data
c:\users\matep\documents\visual studio 2015\projects\ppke_biomotivated_vision\consoleapplication1\receptivefieldprocessing.cpp(1057): warning C4101: 'ratioOfOnInputCenter': unreferenced local variable
c:\users\matep\documents\visual studio 2015\projects\ppke_biomotivated_vision\consoleapplication1\receptivefieldprocessing.cpp(1057): warning C4101: 'ratioOfOffInputCenter': unreferenced local variable
c:\users\matep\documents\visual studio 2015\projects\ppke_biomotivated_vision\consoleapplication1\receptivefieldprocessing.cpp(1057): warning C4101: 'ratioOfOffInputPeriphery': unreferenced local variable
c:\users\matep\documents\visual studio 2015\projects\ppke_biomotivated_vision\consoleapplication1\receptivefieldprocessing.cpp(1057): warning C4101: 'ratioOfOnInputPeriphery': unreferenced local variable
c:\users\matep\documents\visual studio 2015\projects\ppke_biomotivated_vision\consoleapplication1\receptivefieldprocessing.cpp(1079): warning C4101: 'movementBool': unreferenced local variable
  ConsoleApplication1.vcxproj -> C:\Users\matep\Documents\Visual Studio 2015\Projects\PPKE_Biomotivated_vision\x64\Debug\ConsoleApplication1.exe
  ConsoleApplication1.vcxproj -> C:\Users\matep\Documents\Visual Studio 2015\Projects\PPKE_Biomotivated_vision\x64\Debug\ConsoleApplication1.pdb (Full PDB)
